TN:
SF:src/app.ts
FN:13,(anonymous_1)
FNF:1
FNH:0
FNDA:0,(anonymous_1)
DA:1,2
DA:2,2
DA:4,2
DA:7,2
DA:10,2
DA:13,2
DA:14,0
DA:17,2
LF:8
LH:7
BRF:0
BRH:0
end_of_record
TN:
SF:src/datasource.ts
FNF:0
FNH:0
DA:1,2
DA:3,2
DA:11,2
LF:3
LH:3
BRF:0
BRH:0
end_of_record
TN:
SF:src/router.ts
FNF:0
FNH:0
DA:1,2
DA:2,2
DA:3,2
DA:5,2
DA:7,2
DA:8,2
DA:10,2
LF:7
LH:7
BRF:0
BRH:0
end_of_record
TN:
SF:src/controllers/Addresses.ts
FN:10,(anonymous_0)
FN:37,(anonymous_1)
FN:43,(anonymous_2)
FNF:3
FNH:3
FNDA:4,(anonymous_0)
FNDA:1,(anonymous_1)
FNDA:7,(anonymous_2)
DA:1,2
DA:2,2
DA:3,2
DA:4,2
DA:5,2
DA:6,2
DA:8,2
DA:10,2
DA:11,4
DA:12,4
DA:13,4
DA:15,4
DA:16,2
DA:21,2
DA:23,2
DA:24,1
DA:25,1
DA:26,1
DA:27,1
DA:28,1
DA:29,1
DA:30,1
DA:31,1
DA:33,1
DA:37,2
DA:38,1
DA:39,1
DA:40,1
DA:43,2
DA:44,7
DA:46,7
DA:47,3
DA:52,4
DA:54,4
DA:61,2
DA:66,2
DA:67,2
DA:68,2
DA:70,2
DA:71,2
DA:72,2
DA:76,2
DA:79,2
LF:43
LH:43
BRDA:15,0,0,2
BRDA:15,0,1,2
BRDA:15,1,0,4
BRDA:15,1,1,3
BRDA:23,2,0,1
BRDA:23,2,1,1
BRDA:46,3,0,3
BRDA:46,3,1,4
BRDA:46,4,0,7
BRDA:46,4,1,6
BRDA:46,4,2,5
BRDA:54,5,0,2
BRDA:54,5,1,2
BRDA:55,6,0,4
BRDA:55,6,1,3
BRDA:55,6,2,3
BRDA:55,6,3,3
BRDA:55,6,4,3
BRDA:71,7,0,2
BRDA:71,7,1,0
BRF:20
BRH:19
end_of_record
TN:
SF:src/controllers/Users.ts
FN:12,(anonymous_1)
FN:32,(anonymous_2)
FN:37,(anonymous_3)
FNF:3
FNH:3
FNDA:2,(anonymous_1)
FNDA:1,(anonymous_2)
FNDA:2,(anonymous_3)
DA:1,2
DA:2,2
DA:3,2
DA:4,2
DA:5,2
DA:6,2
DA:8,2
DA:10,2
DA:12,2
DA:13,2
DA:14,2
DA:16,2
DA:17,0
DA:20,2
DA:21,2
DA:22,2
DA:23,2
DA:24,2
DA:25,2
DA:27,0
DA:28,0
DA:32,2
DA:33,1
DA:34,1
DA:37,2
DA:38,2
DA:39,2
DA:41,2
DA:42,0
DA:45,2
DA:47,2
DA:48,0
DA:51,2
DA:52,2
DA:53,2
DA:54,2
DA:57,2
DA:59,0
DA:62,0
DA:66,2
LF:40
LH:33
BRDA:8,0,0,2
BRDA:8,0,1,2
BRDA:16,1,0,0
BRDA:16,1,1,2
BRDA:16,2,0,2
BRDA:16,2,1,2
BRDA:41,3,0,0
BRDA:41,3,1,2
BRDA:41,4,0,2
BRDA:41,4,1,2
BRDA:47,5,0,0
BRDA:47,5,1,2
BRDA:52,6,0,2
BRDA:52,6,1,0
BRF:14
BRH:10
end_of_record
TN:
SF:src/entities/Address.ts
FN:28,(anonymous_2)
FN:28,(anonymous_3)
FNF:2
FNH:2
FNDA:2,(anonymous_2)
FNDA:2,(anonymous_3)
DA:1,2
DA:9,2
DA:12,2
DA:14,2
DA:17,2
DA:20,2
DA:23,2
DA:26,2
DA:28,2
DA:29,2
DA:32,2
LF:11
LH:11
BRDA:29,0,0,0
BRDA:29,0,1,2
BRDA:29,1,0,2
BRDA:29,1,1,0
BRDA:32,2,0,2
BRDA:32,2,1,0
BRDA:32,3,0,2
BRDA:32,3,1,2
BRF:8
BRH:5
end_of_record
TN:
SF:src/entities/User.ts
FN:22,(anonymous_2)
FN:22,(anonymous_3)
FNF:2
FNH:2
FNDA:2,(anonymous_2)
FNDA:2,(anonymous_3)
DA:1,2
DA:9,2
DA:12,2
DA:14,2
DA:17,2
DA:20,2
DA:22,2
DA:23,2
DA:26,2
LF:9
LH:9
BRDA:26,0,0,2
BRDA:26,0,1,0
BRDA:26,1,0,2
BRDA:26,1,1,2
BRF:4
BRH:3
end_of_record
TN:
SF:src/utils/filter.ts
FN:1,filter
FNF:1
FNH:1
FNDA:1,filter
DA:1,1
DA:5,1
DA:6,1
DA:7,3
DA:8,2
DA:11,1
LF:6
LH:6
BRDA:7,0,0,2
BRDA:7,0,1,1
BRF:2
BRH:2
end_of_record
TN:
SF:src/utils/getCoordinatesFromSearch.ts
FN:3,getCoordinatesFromSearch
FN:12,(anonymous_2)
FNF:2
FNH:0
FNDA:0,getCoordinatesFromSearch
FNDA:0,(anonymous_2)
DA:1,1
DA:3,1
DA:6,0
DA:7,0
DA:10,0
DA:11,0
DA:12,0
DA:14,0
DA:15,0
DA:22,0
DA:24,0
LF:11
LH:2
BRDA:10,0,0,0
BRDA:10,0,1,0
BRDA:14,1,0,0
BRDA:14,1,1,0
BRF:4
BRH:0
end_of_record
TN:
SF:src/utils/getCountriesStartingWith.ts
FN:3,getCountriesStartingWith
FN:14,(anonymous_2)
FN:15,(anonymous_3)
FNF:3
FNH:3
FNDA:1,getCountriesStartingWith
FNDA:3,(anonymous_2)
FNDA:3,(anonymous_3)
DA:1,1
DA:3,1
DA:6,1
DA:7,1
DA:10,1
DA:13,1
DA:14,3
DA:15,3
DA:17,0
DA:19,0
LF:10
LH:8
BRDA:10,0,0,1
BRDA:10,0,1,0
BRF:2
BRH:1
end_of_record
TN:
SF:src/utils/getDistance.ts
FN:1,getDistance
FNF:1
FNH:1
FNDA:4,getDistance
DA:1,3
DA:5,4
DA:7,4
DA:8,4
DA:11,4
DA:16,4
DA:18,4
DA:20,4
LF:8
LH:8
BRF:0
BRH:0
end_of_record
TN:
SF:src/utils/getUserFromRequest.ts
FN:7,getUserFromRequest
FNF:1
FNH:1
FNDA:21,getUserFromRequest
DA:2,2
DA:3,2
DA:5,2
DA:7,2
DA:8,21
DA:9,21
DA:10,21
DA:11,18
DA:12,3
DA:13,0
DA:16,21
DA:17,18
DA:18,18
DA:19,18
DA:20,18
DA:21,18
DA:22,18
DA:24,0
DA:28,0
DA:31,3
LF:20
LH:17
BRDA:5,0,0,2
BRDA:5,0,1,2
BRDA:10,1,0,18
BRDA:10,1,1,3
BRDA:10,2,0,21
BRDA:10,2,1,18
BRDA:12,3,0,0
BRDA:12,3,1,3
BRDA:16,4,0,18
BRDA:16,4,1,3
BRDA:19,5,0,18
BRDA:19,5,1,0
BRDA:21,6,0,18
BRDA:21,6,1,0
BRF:14
BRH:11
end_of_record
TN:
SF:src/utils/isAuthorized.ts
FN:4,isAuthorized
FNF:1
FNH:1
FNDA:16,isAuthorized
DA:2,2
DA:4,2
DA:9,16
DA:11,16
DA:12,13
DA:14,3
LF:6
LH:6
BRDA:11,0,0,13
BRDA:11,0,1,3
BRF:2
BRH:2
end_of_record
TN:
SF:src/utils/map.ts
FN:1,map
FNF:1
FNH:1
FNDA:1,map
DA:1,1
DA:3,1
DA:4,1
DA:5,3
DA:7,1
LF:5
LH:5
BRF:0
BRH:0
end_of_record
TN:
SF:tests/mini-api.ts
FN:6,(anonymous_1)
FNF:1
FNH:1
FNDA:5,(anonymous_1)
DA:1,1
DA:3,1
DA:4,1
DA:6,1
DA:7,5
DA:9,5
DA:10,2
DA:15,3
DA:16,0
DA:21,3
DA:22,1
DA:27,2
DA:28,2
DA:30,2
DA:33,1
LF:15
LH:14
BRDA:9,0,0,2
BRDA:9,0,1,3
BRDA:9,1,0,5
BRDA:9,1,1,4
BRDA:15,2,0,0
BRDA:15,2,1,3
BRDA:15,3,0,3
BRDA:15,3,1,3
BRDA:21,4,0,1
BRDA:21,4,1,2
BRDA:28,5,0,2
BRDA:28,5,1,1
BRF:12
BRH:11
end_of_record
